
в‰ЎЖ’ГґГЇ Validating environment variables...
О“ГњГЎв€©в••Г…  Using default JWT_SECRET for demo mode
О“ВЈГ  All required environment variables validated

2026-03-11T18:36:39.989Z [32minfo[39m: в‰ЎЖ’ГњГ‡ Starting VendorLink Server... {
  "service": "vendorlink-api"
}
О“ГњГЎв€©в••Г…  MONGODB_URI missing in .env, using mock database
О“ВЈГ¶ Mock database initialized with sample data
2026-03-11T18:36:39.995Z [33mwarn[39m: О“ГњГЎв€©в••Г…  Email credentials not configured - email service disabled {
  "service": "vendorlink-api"
}
2026-03-11T18:36:39.996Z [32minfo[39m: О“ВЈГ  Core services initialized {
  "service": "vendorlink-api"
}
О“ВЈГ¶ Socket.IO handlers initialized
О“ВЈГ¶ Notifications system initialized
(node:9548) [MONGOOSE] Warning: Duplicate schema index on {"transactionId":1} found. This is often due to declaring an index using both "index: true" and "schema.index()". Please remove the duplicate index definition.
(Use `node --trace-warnings ...` to show where the warning was created)
(node:9548) [MONGOOSE] Warning: Duplicate schema index on {"razorpayOrderId":1} found. This is often due to declaring an index using both "index: true" and "schema.index()". Please remove the duplicate index definition.
2026-03-11T18:36:40.111Z [32minfo[39m: 
О“ГІГ¶О“ГІГ‰О“ГІГ‰О“ГІГ‰О“ГІГ‰О“ГІГ‰О“ГІГ‰О“ГІГ‰О“ГІГ‰О“ГІГ‰О“ГІГ‰О“ГІГ‰О“ГІГ‰О“ГІГ‰О“ГІГ‰О“ГІГ‰О“ГІГ‰О“ГІГ‰О“ГІГ‰О“ГІГ‰О“ГІГ‰О“ГІГ‰О“ГІГ‰О“ГІГ‰О“ГІГ‰О“ГІГ‰О“ГІГ‰О“ГІГ‰О“ГІГ‰О“ГІГ‰О“ГІГ‰О“ГІГ‰О“ГІГ‰О“ГІГ‰О“ГІГ‰О“ГІГ‰О“ГІГ‰О“ГІГ‰О“ГІГ‰О“ГІГ‰О“ГІГ‰О“ГІГ№ {
  "service": "vendorlink-api"
}
2026-03-11T18:36:40.111Z [32minfo[39m: О“ГІГ¦  О“ВЈГ¶ VendorLink Server Running           О“ГІГ¦ {
  "service": "vendorlink-api"
}
2026-03-11T18:36:40.111Z [32minfo[39m: О“ГІГ¦  Port: 3000                              О“ГІГ¦ {
  "service": "vendorlink-api"
}
2026-03-11T18:36:40.111Z [32minfo[39m: О“ГІГ¦  Socket.IO: Enabled                    О“ГІГ¦ {
  "service": "vendorlink-api"
}
2026-03-11T18:36:40.111Z [32minfo[39m: О“ГІГ¦  Notifications: Active                 О“ГІГ¦ {
  "service": "vendorlink-api"
}
2026-03-11T18:36:40.111Z [32minfo[39m: О“ГІГ¦  API Docs: http://localhost:3000/api-docs   О“ГІГ¦ {
  "service": "vendorlink-api"
}
2026-03-11T18:36:40.112Z [32minfo[39m: О“ГІГњО“ГІГ‰О“ГІГ‰О“ГІГ‰О“ГІГ‰О“ГІГ‰О“ГІГ‰О“ГІГ‰О“ГІГ‰О“ГІГ‰О“ГІГ‰О“ГІГ‰О“ГІГ‰О“ГІГ‰О“ГІГ‰О“ГІГ‰О“ГІГ‰О“ГІГ‰О“ГІГ‰О“ГІГ‰О“ГІГ‰О“ГІГ‰О“ГІГ‰О“ГІГ‰О“ГІГ‰О“ГІГ‰О“ГІГ‰О“ГІГ‰О“ГІГ‰О“ГІГ‰О“ГІГ‰О“ГІГ‰О“ГІГ‰О“ГІГ‰О“ГІГ‰О“ГІГ‰О“ГІГ‰О“ГІГ‰О“ГІГ‰О“ГІГ‰О“ГІГ‰О“ГІВҐ
 {
  "service": "vendorlink-api"
}
